[     642ms] [ERROR] Failed to load resource: the server responded with a status of 406 () @ https://owuempqaheupjyslkjlg.supabase.co/rest/v1/profiles?select=role&id=eq.352f964d-0e98-4259-a064-621ba51f0b53:0
[     841ms] [ERROR] Failed to load resource: the server responded with a status of 406 () @ https://owuempqaheupjyslkjlg.supabase.co/rest/v1/profiles?select=role&id=eq.352f964d-0e98-4259-a064-621ba51f0b53:0
[    5154ms] [VERBOSE] [DOM] Input elements should have autocomplete attributes (suggested: "current-password"): (More info: https://goo.gl/9p2vKq) %o @ https://irvineallstars.com/auth/login:0
[    5274ms] [ERROR] Failed to load resource: the server responded with a status of 406 () @ https://owuempqaheupjyslkjlg.supabase.co/rest/v1/profiles?select=role&id=eq.352f964d-0e98-4259-a064-621ba51f0b53:0
[    5361ms] [ERROR] Failed to load resource: the server responded with a status of 406 () @ https://owuempqaheupjyslkjlg.supabase.co/rest/v1/profiles?select=role&id=eq.352f964d-0e98-4259-a064-621ba51f0b53:0
[    8426ms] [ERROR] Failed to load resource: the server responded with a status of 406 () @ https://owuempqaheupjyslkjlg.supabase.co/rest/v1/profiles?select=role&id=eq.352f964d-0e98-4259-a064-621ba51f0b53:0
[    8528ms] [ERROR] Failed to load resource: the server responded with a status of 406 () @ https://owuempqaheupjyslkjlg.supabase.co/rest/v1/profiles?select=role&id=eq.352f964d-0e98-4259-a064-621ba51f0b53:0
[   11520ms] [VERBOSE] [DOM] Input elements should have autocomplete attributes (suggested: "current-password"): (More info: https://goo.gl/9p2vKq) %o @ https://irvineallstars.com/auth/login:0
[   11593ms] [ERROR] Failed to load resource: the server responded with a status of 406 () @ https://owuempqaheupjyslkjlg.supabase.co/rest/v1/profiles?select=role&id=eq.352f964d-0e98-4259-a064-621ba51f0b53:0
[   11659ms] [ERROR] Failed to load resource: the server responded with a status of 406 () @ https://owuempqaheupjyslkjlg.supabase.co/rest/v1/profiles?select=role&id=eq.352f964d-0e98-4259-a064-621ba51f0b53:0
[   59957ms] [ERROR] Failed to load resource: the server responded with a status of 406 () @ https://owuempqaheupjyslkjlg.supabase.co/rest/v1/profiles?select=role&id=eq.352f964d-0e98-4259-a064-621ba51f0b53:0
[   60115ms] [ERROR] Failed to load resource: the server responded with a status of 406 () @ https://owuempqaheupjyslkjlg.supabase.co/rest/v1/profiles?select=role&id=eq.352f964d-0e98-4259-a064-621ba51f0b53:0
[   62567ms] [VERBOSE] [DOM] Input elements should have autocomplete attributes (suggested: "current-password"): (More info: https://goo.gl/9p2vKq) %o @ https://irvineallstars.com/auth/login:0
[   62708ms] [ERROR] Failed to load resource: the server responded with a status of 406 () @ https://owuempqaheupjyslkjlg.supabase.co/rest/v1/profiles?select=role&id=eq.352f964d-0e98-4259-a064-621ba51f0b53:0
[   62804ms] [ERROR] Failed to load resource: the server responded with a status of 406 () @ https://owuempqaheupjyslkjlg.supabase.co/rest/v1/profiles?select=role&id=eq.352f964d-0e98-4259-a064-621ba51f0b53:0
[   64348ms] [ERROR] Failed to load resource: the server responded with a status of 406 () @ https://owuempqaheupjyslkjlg.supabase.co/rest/v1/profiles?select=role&id=eq.352f964d-0e98-4259-a064-621ba51f0b53:0
[   64459ms] [ERROR] Failed to load resource: the server responded with a status of 406 () @ https://owuempqaheupjyslkjlg.supabase.co/rest/v1/profiles?select=role&id=eq.352f964d-0e98-4259-a064-621ba51f0b53:0
[   65915ms] [VERBOSE] [DOM] Input elements should have autocomplete attributes (suggested: "current-password"): (More info: https://goo.gl/9p2vKq) %o @ https://irvineallstars.com/auth/login:0
[   66034ms] [ERROR] Failed to load resource: the server responded with a status of 406 () @ https://owuempqaheupjyslkjlg.supabase.co/rest/v1/profiles?select=role&id=eq.352f964d-0e98-4259-a064-621ba51f0b53:0
[   66120ms] [ERROR] Failed to load resource: the server responded with a status of 406 () @ https://owuempqaheupjyslkjlg.supabase.co/rest/v1/profiles?select=role&id=eq.352f964d-0e98-4259-a064-621ba51f0b53:0
[   99986ms] [VERBOSE] [DOM] Input elements should have autocomplete attributes (suggested: "current-password"): (More info: https://goo.gl/9p2vKq) %o @ https://irvineallstars.com/auth/login:0
[  148193ms] [VERBOSE] [DOM] Input elements should have autocomplete attributes (suggested: "current-password"): (More info: https://goo.gl/9p2vKq) %o @ https://irvineallstars.com/auth/login:0
[  150527ms] [ERROR] Failed to load resource: the server responded with a status of 400 () @ https://owuempqaheupjyslkjlg.supabase.co/rest/v1/tryout_registrations?select=id%2Cplayer_first_name%2Cplayer_last_name%2Cdivision%2Ccreated_at&order=created_at.desc&limit=5:0
[  153038ms] [ERROR] Failed to load resource: the server responded with a status of 400 () @ https://owuempqaheupjyslkjlg.supabase.co/rest/v1/tryout_registrations?select=id%2Cplayer_first_name%2Cplayer_last_name%2Cdivision%2Ccreated_at&order=created_at.desc&limit=5:0
[  177255ms] [ERROR] Failed to load resource: the server responded with a status of 400 () @ https://owuempqaheupjyslkjlg.supabase.co/rest/v1/tryout_registrations?select=id%2Cplayer_first_name%2Cplayer_last_name%2Cdivision%2Ccreated_at&order=created_at.desc&limit=5:0
